<?xml version="1.0" encoding="UTF-8"?>
<!-- Generated by org.testng.reporters.JUnitReportReporter -->
<testsuite hostname="DESKTOP-5QPL10C" failures="0" tests="2" name="actionExample.RightClick_DoubleClickTest" time="1.702" errors="0" timestamp="2023-12-26T14:48:50 IST" skipped="0">
  <testcase classname="actionExample.RightClick_DoubleClickTest" name="verifyRightClick" time="0.174"/>
  <testcase classname="actionExample.RightClick_DoubleClickTest" name="verifyDoubleClick" time="1.528"/>
</testsuite> <!-- actionExample.RightClick_DoubleClickTest -->
